ARM GAS  C:\Users\Thee\AppData\Local\Temp\ccAixM9S.s 			page 1


   1              		.cpu cortex-m3
   2              		.eabi_attribute 20, 1
   3              		.eabi_attribute 21, 1
   4              		.eabi_attribute 23, 3
   5              		.eabi_attribute 24, 1
   6              		.eabi_attribute 25, 1
   7              		.eabi_attribute 26, 1
   8              		.eabi_attribute 30, 1
   9              		.eabi_attribute 34, 1
  10              		.eabi_attribute 18, 4
  11              		.file	"gpio.c"
  12              		.text
  13              	.Ltext0:
  14              		.cfi_sections	.debug_frame
  15              		.section	.text.MX_GPIO_Init,"ax",%progbits
  16              		.align	1
  17              		.global	MX_GPIO_Init
  18              		.syntax unified
  19              		.thumb
  20              		.thumb_func
  21              		.fpu softvfp
  23              	MX_GPIO_Init:
  24              	.LFB65:
  25              		.file 1 "Src/gpio.c"
   1:Src/gpio.c    **** /**
   2:Src/gpio.c    ****   ******************************************************************************
   3:Src/gpio.c    ****   * File Name          : gpio.c
   4:Src/gpio.c    ****   * Description        : This file provides code for the configuration
   5:Src/gpio.c    ****   *                      of all used GPIO pins.
   6:Src/gpio.c    ****   ******************************************************************************
   7:Src/gpio.c    ****   * @attention
   8:Src/gpio.c    ****   *
   9:Src/gpio.c    ****   * <h2><center>&copy; Copyright (c) 2020 STMicroelectronics.
  10:Src/gpio.c    ****   * All rights reserved.</center></h2>
  11:Src/gpio.c    ****   *
  12:Src/gpio.c    ****   * This software component is licensed by ST under BSD 3-Clause license,
  13:Src/gpio.c    ****   * the "License"; You may not use this file except in compliance with the
  14:Src/gpio.c    ****   * License. You may obtain a copy of the License at:
  15:Src/gpio.c    ****   *                        opensource.org/licenses/BSD-3-Clause
  16:Src/gpio.c    ****   *
  17:Src/gpio.c    ****   ******************************************************************************
  18:Src/gpio.c    ****   */
  19:Src/gpio.c    **** 
  20:Src/gpio.c    **** /* Includes ------------------------------------------------------------------*/
  21:Src/gpio.c    **** #include "gpio.h"
  22:Src/gpio.c    **** /* USER CODE BEGIN 0 */
  23:Src/gpio.c    **** 
  24:Src/gpio.c    **** /* USER CODE END 0 */
  25:Src/gpio.c    **** 
  26:Src/gpio.c    **** /*----------------------------------------------------------------------------*/
  27:Src/gpio.c    **** /* Configure GPIO                                                             */
  28:Src/gpio.c    **** /*----------------------------------------------------------------------------*/
  29:Src/gpio.c    **** /* USER CODE BEGIN 1 */
  30:Src/gpio.c    **** 
  31:Src/gpio.c    **** /* USER CODE END 1 */
  32:Src/gpio.c    **** 
  33:Src/gpio.c    **** /** Configure pins as 
ARM GAS  C:\Users\Thee\AppData\Local\Temp\ccAixM9S.s 			page 2


  34:Src/gpio.c    ****         * Analog 
  35:Src/gpio.c    ****         * Input 
  36:Src/gpio.c    ****         * Output
  37:Src/gpio.c    ****         * EVENT_OUT
  38:Src/gpio.c    ****         * EXTI
  39:Src/gpio.c    **** */
  40:Src/gpio.c    **** void MX_GPIO_Init(void)
  41:Src/gpio.c    **** {
  26              		.loc 1 41 0
  27              		.cfi_startproc
  28              		@ args = 0, pretend = 0, frame = 32
  29              		@ frame_needed = 0, uses_anonymous_args = 0
  30 0000 30B5     		push	{r4, r5, lr}
  31              	.LCFI0:
  32              		.cfi_def_cfa_offset 12
  33              		.cfi_offset 4, -12
  34              		.cfi_offset 5, -8
  35              		.cfi_offset 14, -4
  36 0002 89B0     		sub	sp, sp, #36
  37              	.LCFI1:
  38              		.cfi_def_cfa_offset 48
  42:Src/gpio.c    **** 
  43:Src/gpio.c    ****   GPIO_InitTypeDef GPIO_InitStruct = {0};
  39              		.loc 1 43 0
  40 0004 0024     		movs	r4, #0
  41 0006 0494     		str	r4, [sp, #16]
  42 0008 0594     		str	r4, [sp, #20]
  43 000a 0694     		str	r4, [sp, #24]
  44 000c 0794     		str	r4, [sp, #28]
  45              	.LBB2:
  44:Src/gpio.c    **** 
  45:Src/gpio.c    ****   /* GPIO Ports Clock Enable */
  46:Src/gpio.c    ****   __HAL_RCC_GPIOD_CLK_ENABLE();
  46              		.loc 1 46 0
  47 000e 174B     		ldr	r3, .L3
  48 0010 9A69     		ldr	r2, [r3, #24]
  49 0012 42F02002 		orr	r2, r2, #32
  50 0016 9A61     		str	r2, [r3, #24]
  51 0018 9A69     		ldr	r2, [r3, #24]
  52 001a 02F02002 		and	r2, r2, #32
  53 001e 0192     		str	r2, [sp, #4]
  54 0020 019A     		ldr	r2, [sp, #4]
  55              	.LBE2:
  56              	.LBB3:
  47:Src/gpio.c    ****   __HAL_RCC_GPIOC_CLK_ENABLE();
  57              		.loc 1 47 0
  58 0022 9A69     		ldr	r2, [r3, #24]
  59 0024 42F01002 		orr	r2, r2, #16
  60 0028 9A61     		str	r2, [r3, #24]
  61 002a 9A69     		ldr	r2, [r3, #24]
  62 002c 02F01002 		and	r2, r2, #16
  63 0030 0292     		str	r2, [sp, #8]
  64 0032 029A     		ldr	r2, [sp, #8]
  65              	.LBE3:
  66              	.LBB4:
  48:Src/gpio.c    ****   __HAL_RCC_GPIOA_CLK_ENABLE();
  67              		.loc 1 48 0
ARM GAS  C:\Users\Thee\AppData\Local\Temp\ccAixM9S.s 			page 3


  68 0034 9A69     		ldr	r2, [r3, #24]
  69 0036 42F00402 		orr	r2, r2, #4
  70 003a 9A61     		str	r2, [r3, #24]
  71 003c 9B69     		ldr	r3, [r3, #24]
  72 003e 03F00403 		and	r3, r3, #4
  73 0042 0393     		str	r3, [sp, #12]
  74 0044 039B     		ldr	r3, [sp, #12]
  75              	.LBE4:
  49:Src/gpio.c    **** 
  50:Src/gpio.c    ****   /*Configure GPIO pin Output Level */
  51:Src/gpio.c    ****   HAL_GPIO_WritePin(GPIOC, GPIO_PIN_2, GPIO_PIN_RESET);
  76              		.loc 1 51 0
  77 0046 0A4D     		ldr	r5, .L3+4
  78 0048 2246     		mov	r2, r4
  79 004a 0421     		movs	r1, #4
  80 004c 2846     		mov	r0, r5
  81 004e FFF7FEFF 		bl	HAL_GPIO_WritePin
  82              	.LVL0:
  52:Src/gpio.c    **** 
  53:Src/gpio.c    ****   /*Configure GPIO pin : PC2 */
  54:Src/gpio.c    ****   GPIO_InitStruct.Pin = GPIO_PIN_2;
  83              		.loc 1 54 0
  84 0052 0423     		movs	r3, #4
  85 0054 0493     		str	r3, [sp, #16]
  55:Src/gpio.c    ****   GPIO_InitStruct.Mode = GPIO_MODE_OUTPUT_PP;
  86              		.loc 1 55 0
  87 0056 0123     		movs	r3, #1
  88 0058 0593     		str	r3, [sp, #20]
  56:Src/gpio.c    ****   GPIO_InitStruct.Pull = GPIO_NOPULL;
  89              		.loc 1 56 0
  90 005a 0694     		str	r4, [sp, #24]
  57:Src/gpio.c    ****   GPIO_InitStruct.Speed = GPIO_SPEED_FREQ_LOW;
  91              		.loc 1 57 0
  92 005c 0223     		movs	r3, #2
  93 005e 0793     		str	r3, [sp, #28]
  58:Src/gpio.c    ****   HAL_GPIO_Init(GPIOC, &GPIO_InitStruct);
  94              		.loc 1 58 0
  95 0060 04A9     		add	r1, sp, #16
  96 0062 2846     		mov	r0, r5
  97 0064 FFF7FEFF 		bl	HAL_GPIO_Init
  98              	.LVL1:
  59:Src/gpio.c    **** 
  60:Src/gpio.c    **** }
  99              		.loc 1 60 0
 100 0068 09B0     		add	sp, sp, #36
 101              	.LCFI2:
 102              		.cfi_def_cfa_offset 12
 103              		@ sp needed
 104 006a 30BD     		pop	{r4, r5, pc}
 105              	.L4:
 106              		.align	2
 107              	.L3:
 108 006c 00100240 		.word	1073876992
 109 0070 00100140 		.word	1073811456
 110              		.cfi_endproc
 111              	.LFE65:
 113              		.text
ARM GAS  C:\Users\Thee\AppData\Local\Temp\ccAixM9S.s 			page 4


 114              	.Letext0:
 115              		.file 2 "d:\\gcc-arm-none-eabi-8-2018-q4-major-win32\\arm-none-eabi\\include\\machine\\_default_ty
 116              		.file 3 "d:\\gcc-arm-none-eabi-8-2018-q4-major-win32\\arm-none-eabi\\include\\sys\\_stdint.h"
 117              		.file 4 "C:/Users/Thee/STM32Cube/Repository/STM32Cube_FW_F1_V1.8.0/Drivers/CMSIS/Include/core_cm3.
 118              		.file 5 "Drivers/CMSIS/Device/ST/STM32F1xx/Include/system_stm32f1xx.h"
 119              		.file 6 "Drivers/CMSIS/Device/ST/STM32F1xx/Include/stm32f103xe.h"
 120              		.file 7 "Drivers/STM32F1xx_HAL_Driver/Inc/stm32f1xx_hal_gpio.h"
 121              		.file 8 "Drivers/STM32F1xx_HAL_Driver/Inc/stm32f1xx_hal.h"
ARM GAS  C:\Users\Thee\AppData\Local\Temp\ccAixM9S.s 			page 5


DEFINED SYMBOLS
                            *ABS*:00000000 gpio.c
C:\Users\Thee\AppData\Local\Temp\ccAixM9S.s:16     .text.MX_GPIO_Init:00000000 $t
C:\Users\Thee\AppData\Local\Temp\ccAixM9S.s:23     .text.MX_GPIO_Init:00000000 MX_GPIO_Init
C:\Users\Thee\AppData\Local\Temp\ccAixM9S.s:108    .text.MX_GPIO_Init:0000006c $d

UNDEFINED SYMBOLS
HAL_GPIO_WritePin
HAL_GPIO_Init
