ARM GAS  C:\Users\Thee\AppData\Local\Temp\ccoOrFgr.s 			page 1


   1              		.cpu cortex-m3
   2              		.eabi_attribute 20, 1
   3              		.eabi_attribute 21, 1
   4              		.eabi_attribute 23, 3
   5              		.eabi_attribute 24, 1
   6              		.eabi_attribute 25, 1
   7              		.eabi_attribute 26, 1
   8              		.eabi_attribute 30, 1
   9              		.eabi_attribute 34, 1
  10              		.eabi_attribute 18, 4
  11              		.file	"main.c"
  12              		.text
  13              	.Ltext0:
  14              		.cfi_sections	.debug_frame
  15              		.section	.text.SystemClock_Config,"ax",%progbits
  16              		.align	1
  17              		.global	SystemClock_Config
  18              		.syntax unified
  19              		.thumb
  20              		.thumb_func
  21              		.fpu softvfp
  23              	SystemClock_Config:
  24              	.LFB66:
  25              		.file 1 "Src/main.c"
   1:Src/main.c    **** /* USER CODE BEGIN Header */
   2:Src/main.c    **** /**
   3:Src/main.c    ****   ******************************************************************************
   4:Src/main.c    ****   * @file           : main.c
   5:Src/main.c    ****   * @brief          : Main program body
   6:Src/main.c    ****   ******************************************************************************
   7:Src/main.c    ****   * @attention
   8:Src/main.c    ****   *
   9:Src/main.c    ****   * <h2><center>&copy; Copyright (c) 2020 STMicroelectronics.
  10:Src/main.c    ****   * All rights reserved.</center></h2>
  11:Src/main.c    ****   *
  12:Src/main.c    ****   * This software component is licensed by ST under BSD 3-Clause license,
  13:Src/main.c    ****   * the "License"; You may not use this file except in compliance with the
  14:Src/main.c    ****   * License. You may obtain a copy of the License at:
  15:Src/main.c    ****   *                        opensource.org/licenses/BSD-3-Clause
  16:Src/main.c    ****   *
  17:Src/main.c    ****   ******************************************************************************
  18:Src/main.c    ****   */
  19:Src/main.c    **** /* USER CODE END Header */
  20:Src/main.c    **** 
  21:Src/main.c    **** /* Includes ------------------------------------------------------------------*/
  22:Src/main.c    **** #include "main.h"
  23:Src/main.c    **** #include "gpio.h"
  24:Src/main.c    **** 
  25:Src/main.c    **** /* Private includes ----------------------------------------------------------*/
  26:Src/main.c    **** /* USER CODE BEGIN Includes */
  27:Src/main.c    **** 
  28:Src/main.c    **** /* USER CODE END Includes */
  29:Src/main.c    **** 
  30:Src/main.c    **** /* Private typedef -----------------------------------------------------------*/
  31:Src/main.c    **** /* USER CODE BEGIN PTD */
  32:Src/main.c    **** 
  33:Src/main.c    **** /* USER CODE END PTD */
ARM GAS  C:\Users\Thee\AppData\Local\Temp\ccoOrFgr.s 			page 2


  34:Src/main.c    **** 
  35:Src/main.c    **** /* Private define ------------------------------------------------------------*/
  36:Src/main.c    **** /* USER CODE BEGIN PD */
  37:Src/main.c    **** /* USER CODE END PD */
  38:Src/main.c    **** 
  39:Src/main.c    **** /* Private macro -------------------------------------------------------------*/
  40:Src/main.c    **** /* USER CODE BEGIN PM */
  41:Src/main.c    **** 
  42:Src/main.c    **** /* USER CODE END PM */
  43:Src/main.c    **** 
  44:Src/main.c    **** /* Private variables ---------------------------------------------------------*/
  45:Src/main.c    **** 
  46:Src/main.c    **** /* USER CODE BEGIN PV */
  47:Src/main.c    **** 
  48:Src/main.c    **** /* USER CODE END PV */
  49:Src/main.c    **** 
  50:Src/main.c    **** /* Private function prototypes -----------------------------------------------*/
  51:Src/main.c    **** void SystemClock_Config(void);
  52:Src/main.c    **** /* USER CODE BEGIN PFP */
  53:Src/main.c    **** 
  54:Src/main.c    **** /* USER CODE END PFP */
  55:Src/main.c    **** 
  56:Src/main.c    **** /* Private user code ---------------------------------------------------------*/
  57:Src/main.c    **** /* USER CODE BEGIN 0 */
  58:Src/main.c    **** 
  59:Src/main.c    **** /* USER CODE END 0 */
  60:Src/main.c    **** 
  61:Src/main.c    **** /**
  62:Src/main.c    ****   * @brief  The application entry point.
  63:Src/main.c    ****   * @retval int
  64:Src/main.c    ****   */
  65:Src/main.c    **** int main(void)
  66:Src/main.c    **** {
  67:Src/main.c    ****     /* USER CODE BEGIN 1 */
  68:Src/main.c    **** 
  69:Src/main.c    ****     /* USER CODE END 1 */
  70:Src/main.c    **** 
  71:Src/main.c    ****     /* MCU Configuration--------------------------------------------------------*/
  72:Src/main.c    **** 
  73:Src/main.c    ****     /* Reset of all peripherals, Initializes the Flash interface and the Systick. */
  74:Src/main.c    ****     HAL_Init();
  75:Src/main.c    **** 
  76:Src/main.c    ****     /* USER CODE BEGIN Init */
  77:Src/main.c    **** 
  78:Src/main.c    ****     /* USER CODE END Init */
  79:Src/main.c    **** 
  80:Src/main.c    ****     /* Configure the system clock */
  81:Src/main.c    ****     SystemClock_Config();
  82:Src/main.c    **** 
  83:Src/main.c    ****     /* USER CODE BEGIN SysInit */
  84:Src/main.c    **** 
  85:Src/main.c    ****     /* USER CODE END SysInit */
  86:Src/main.c    **** 
  87:Src/main.c    ****     /* Initialize all configured peripherals */
  88:Src/main.c    ****     MX_GPIO_Init();
  89:Src/main.c    ****     /* USER CODE BEGIN 2 */
  90:Src/main.c    **** 
ARM GAS  C:\Users\Thee\AppData\Local\Temp\ccoOrFgr.s 			page 3


  91:Src/main.c    ****     /* USER CODE END 2 */
  92:Src/main.c    **** 
  93:Src/main.c    ****     /* Infinite loop */
  94:Src/main.c    ****     /* USER CODE BEGIN WHILE */
  95:Src/main.c    ****     while (1)
  96:Src/main.c    ****     {
  97:Src/main.c    ****         /* USER CODE END WHILE */
  98:Src/main.c    **** 
  99:Src/main.c    ****         /* USER CODE BEGIN 3 */
 100:Src/main.c    ****         HAL_Delay(250);
 101:Src/main.c    ****         HAL_GPIO_TogglePin(GPIOC, GPIO_PIN_2);
 102:Src/main.c    ****     }
 103:Src/main.c    ****     /* USER CODE END 3 */
 104:Src/main.c    **** }
 105:Src/main.c    **** 
 106:Src/main.c    **** /**
 107:Src/main.c    ****   * @brief System Clock Configuration
 108:Src/main.c    ****   * @retval None
 109:Src/main.c    ****   */
 110:Src/main.c    **** void SystemClock_Config(void)
 111:Src/main.c    **** {
  26              		.loc 1 111 0
  27              		.cfi_startproc
  28              		@ args = 0, pretend = 0, frame = 64
  29              		@ frame_needed = 0, uses_anonymous_args = 0
  30 0000 30B5     		push	{r4, r5, lr}
  31              	.LCFI0:
  32              		.cfi_def_cfa_offset 12
  33              		.cfi_offset 4, -12
  34              		.cfi_offset 5, -8
  35              		.cfi_offset 14, -4
  36 0002 91B0     		sub	sp, sp, #68
  37              	.LCFI1:
  38              		.cfi_def_cfa_offset 80
 112:Src/main.c    ****     RCC_OscInitTypeDef RCC_OscInitStruct = {0};
  39              		.loc 1 112 0
  40 0004 0024     		movs	r4, #0
  41 0006 0894     		str	r4, [sp, #32]
  42 0008 0994     		str	r4, [sp, #36]
  43 000a 0B94     		str	r4, [sp, #44]
  44 000c 0C94     		str	r4, [sp, #48]
 113:Src/main.c    ****     RCC_ClkInitTypeDef RCC_ClkInitStruct = {0};
  45              		.loc 1 113 0
  46 000e 0194     		str	r4, [sp, #4]
  47 0010 0294     		str	r4, [sp, #8]
  48 0012 0394     		str	r4, [sp, #12]
  49 0014 0494     		str	r4, [sp, #16]
  50 0016 0594     		str	r4, [sp, #20]
 114:Src/main.c    **** 
 115:Src/main.c    ****     /** Initializes the CPU, AHB and APB busses clocks 
 116:Src/main.c    ****   */
 117:Src/main.c    ****     RCC_OscInitStruct.OscillatorType = RCC_OSCILLATORTYPE_HSE;
  51              		.loc 1 117 0
  52 0018 0122     		movs	r2, #1
  53 001a 0692     		str	r2, [sp, #24]
 118:Src/main.c    ****     RCC_OscInitStruct.HSEState = RCC_HSE_ON;
  54              		.loc 1 118 0
ARM GAS  C:\Users\Thee\AppData\Local\Temp\ccoOrFgr.s 			page 4


  55 001c 4FF48033 		mov	r3, #65536
  56 0020 0793     		str	r3, [sp, #28]
 119:Src/main.c    ****     RCC_OscInitStruct.HSEPredivValue = RCC_HSE_PREDIV_DIV1;
 120:Src/main.c    ****     RCC_OscInitStruct.HSIState = RCC_HSI_ON;
  57              		.loc 1 120 0
  58 0022 0A92     		str	r2, [sp, #40]
 121:Src/main.c    ****     RCC_OscInitStruct.PLL.PLLState = RCC_PLL_ON;
  59              		.loc 1 121 0
  60 0024 0225     		movs	r5, #2
  61 0026 0D95     		str	r5, [sp, #52]
 122:Src/main.c    ****     RCC_OscInitStruct.PLL.PLLSource = RCC_PLLSOURCE_HSE;
  62              		.loc 1 122 0
  63 0028 0E93     		str	r3, [sp, #56]
 123:Src/main.c    ****     RCC_OscInitStruct.PLL.PLLMUL = RCC_PLL_MUL6;
  64              		.loc 1 123 0
  65 002a 4FF48013 		mov	r3, #1048576
  66 002e 0F93     		str	r3, [sp, #60]
 124:Src/main.c    ****     if (HAL_RCC_OscConfig(&RCC_OscInitStruct) != HAL_OK)
  67              		.loc 1 124 0
  68 0030 06A8     		add	r0, sp, #24
  69 0032 FFF7FEFF 		bl	HAL_RCC_OscConfig
  70              	.LVL0:
 125:Src/main.c    ****     {
 126:Src/main.c    ****         Error_Handler();
 127:Src/main.c    ****     }
 128:Src/main.c    ****     /** Initializes the CPU, AHB and APB busses clocks 
 129:Src/main.c    ****   */
 130:Src/main.c    ****     RCC_ClkInitStruct.ClockType = RCC_CLOCKTYPE_HCLK | RCC_CLOCKTYPE_SYSCLK | RCC_CLOCKTYPE_PCLK1 |
  71              		.loc 1 130 0
  72 0036 0F23     		movs	r3, #15
  73 0038 0193     		str	r3, [sp, #4]
 131:Src/main.c    ****     RCC_ClkInitStruct.SYSCLKSource = RCC_SYSCLKSOURCE_PLLCLK;
  74              		.loc 1 131 0
  75 003a 0295     		str	r5, [sp, #8]
 132:Src/main.c    ****     RCC_ClkInitStruct.AHBCLKDivider = RCC_SYSCLK_DIV1;
  76              		.loc 1 132 0
  77 003c 0394     		str	r4, [sp, #12]
 133:Src/main.c    ****     RCC_ClkInitStruct.APB1CLKDivider = RCC_HCLK_DIV2;
  78              		.loc 1 133 0
  79 003e 4FF48063 		mov	r3, #1024
  80 0042 0493     		str	r3, [sp, #16]
 134:Src/main.c    ****     RCC_ClkInitStruct.APB2CLKDivider = RCC_HCLK_DIV1;
  81              		.loc 1 134 0
  82 0044 0594     		str	r4, [sp, #20]
 135:Src/main.c    **** 
 136:Src/main.c    ****     if (HAL_RCC_ClockConfig(&RCC_ClkInitStruct, FLASH_LATENCY_2) != HAL_OK)
  83              		.loc 1 136 0
  84 0046 2946     		mov	r1, r5
  85 0048 01A8     		add	r0, sp, #4
  86 004a FFF7FEFF 		bl	HAL_RCC_ClockConfig
  87              	.LVL1:
 137:Src/main.c    ****     {
 138:Src/main.c    ****         Error_Handler();
 139:Src/main.c    ****     }
 140:Src/main.c    **** }
  88              		.loc 1 140 0
  89 004e 11B0     		add	sp, sp, #68
ARM GAS  C:\Users\Thee\AppData\Local\Temp\ccoOrFgr.s 			page 5


  90              	.LCFI2:
  91              		.cfi_def_cfa_offset 12
  92              		@ sp needed
  93 0050 30BD     		pop	{r4, r5, pc}
  94              		.cfi_endproc
  95              	.LFE66:
  97              		.section	.text.main,"ax",%progbits
  98              		.align	1
  99              		.global	main
 100              		.syntax unified
 101              		.thumb
 102              		.thumb_func
 103              		.fpu softvfp
 105              	main:
 106              	.LFB65:
  66:Src/main.c    ****     /* USER CODE BEGIN 1 */
 107              		.loc 1 66 0
 108              		.cfi_startproc
 109              		@ Volatile: function does not return.
 110              		@ args = 0, pretend = 0, frame = 0
 111              		@ frame_needed = 0, uses_anonymous_args = 0
 112 0000 08B5     		push	{r3, lr}
 113              	.LCFI3:
 114              		.cfi_def_cfa_offset 8
 115              		.cfi_offset 3, -8
 116              		.cfi_offset 14, -4
  74:Src/main.c    **** 
 117              		.loc 1 74 0
 118 0002 FFF7FEFF 		bl	HAL_Init
 119              	.LVL2:
  81:Src/main.c    **** 
 120              		.loc 1 81 0
 121 0006 FFF7FEFF 		bl	SystemClock_Config
 122              	.LVL3:
  88:Src/main.c    ****     /* USER CODE BEGIN 2 */
 123              		.loc 1 88 0
 124 000a FFF7FEFF 		bl	MX_GPIO_Init
 125              	.LVL4:
 126              	.L4:
 100:Src/main.c    ****         HAL_GPIO_TogglePin(GPIOC, GPIO_PIN_2);
 127              		.loc 1 100 0 discriminator 1
 128 000e FA20     		movs	r0, #250
 129 0010 FFF7FEFF 		bl	HAL_Delay
 130              	.LVL5:
 101:Src/main.c    ****     }
 131              		.loc 1 101 0 discriminator 1
 132 0014 0421     		movs	r1, #4
 133 0016 0248     		ldr	r0, .L6
 134 0018 FFF7FEFF 		bl	HAL_GPIO_TogglePin
 135              	.LVL6:
 136 001c F7E7     		b	.L4
 137              	.L7:
 138 001e 00BF     		.align	2
 139              	.L6:
 140 0020 00100140 		.word	1073811456
 141              		.cfi_endproc
 142              	.LFE65:
ARM GAS  C:\Users\Thee\AppData\Local\Temp\ccoOrFgr.s 			page 6


 144              		.section	.text.Error_Handler,"ax",%progbits
 145              		.align	1
 146              		.global	Error_Handler
 147              		.syntax unified
 148              		.thumb
 149              		.thumb_func
 150              		.fpu softvfp
 152              	Error_Handler:
 153              	.LFB67:
 141:Src/main.c    **** 
 142:Src/main.c    **** /* USER CODE BEGIN 4 */
 143:Src/main.c    **** 
 144:Src/main.c    **** /* USER CODE END 4 */
 145:Src/main.c    **** 
 146:Src/main.c    **** /**
 147:Src/main.c    ****   * @brief  This function is executed in case of error occurrence.
 148:Src/main.c    ****   * @retval None
 149:Src/main.c    ****   */
 150:Src/main.c    **** void Error_Handler(void)
 151:Src/main.c    **** {
 154              		.loc 1 151 0
 155              		.cfi_startproc
 156              		@ args = 0, pretend = 0, frame = 0
 157              		@ frame_needed = 0, uses_anonymous_args = 0
 158              		@ link register save eliminated.
 152:Src/main.c    ****     /* USER CODE BEGIN Error_Handler_Debug */
 153:Src/main.c    ****     /* User can add his own implementation to report the HAL error return state */
 154:Src/main.c    **** 
 155:Src/main.c    ****     /* USER CODE END Error_Handler_Debug */
 156:Src/main.c    **** }
 159              		.loc 1 156 0
 160 0000 7047     		bx	lr
 161              		.cfi_endproc
 162              	.LFE67:
 164              		.text
 165              	.Letext0:
 166              		.file 2 "d:\\gcc-arm-none-eabi-8-2018-q4-major-win32\\arm-none-eabi\\include\\machine\\_default_ty
 167              		.file 3 "d:\\gcc-arm-none-eabi-8-2018-q4-major-win32\\arm-none-eabi\\include\\sys\\_stdint.h"
 168              		.file 4 "C:/Users/Thee/STM32Cube/Repository/STM32Cube_FW_F1_V1.8.0/Drivers/CMSIS/Include/core_cm3.
 169              		.file 5 "Drivers/CMSIS/Device/ST/STM32F1xx/Include/system_stm32f1xx.h"
 170              		.file 6 "Drivers/CMSIS/Device/ST/STM32F1xx/Include/stm32f103xe.h"
 171              		.file 7 "Drivers/STM32F1xx_HAL_Driver/Inc/stm32f1xx_hal_rcc.h"
 172              		.file 8 "Drivers/STM32F1xx_HAL_Driver/Inc/stm32f1xx_hal_rcc_ex.h"
 173              		.file 9 "Drivers/STM32F1xx_HAL_Driver/Inc/stm32f1xx_hal_def.h"
 174              		.file 10 "Drivers/STM32F1xx_HAL_Driver/Inc/stm32f1xx_hal.h"
 175              		.file 11 "Inc/gpio.h"
 176              		.file 12 "Drivers/STM32F1xx_HAL_Driver/Inc/stm32f1xx_hal_gpio.h"
ARM GAS  C:\Users\Thee\AppData\Local\Temp\ccoOrFgr.s 			page 7


DEFINED SYMBOLS
                            *ABS*:00000000 main.c
C:\Users\Thee\AppData\Local\Temp\ccoOrFgr.s:16     .text.SystemClock_Config:00000000 $t
C:\Users\Thee\AppData\Local\Temp\ccoOrFgr.s:23     .text.SystemClock_Config:00000000 SystemClock_Config
C:\Users\Thee\AppData\Local\Temp\ccoOrFgr.s:98     .text.main:00000000 $t
C:\Users\Thee\AppData\Local\Temp\ccoOrFgr.s:105    .text.main:00000000 main
C:\Users\Thee\AppData\Local\Temp\ccoOrFgr.s:140    .text.main:00000020 $d
C:\Users\Thee\AppData\Local\Temp\ccoOrFgr.s:145    .text.Error_Handler:00000000 $t
C:\Users\Thee\AppData\Local\Temp\ccoOrFgr.s:152    .text.Error_Handler:00000000 Error_Handler

UNDEFINED SYMBOLS
HAL_RCC_OscConfig
HAL_RCC_ClockConfig
HAL_Init
MX_GPIO_Init
HAL_Delay
HAL_GPIO_TogglePin
