ARM GAS  C:\Users\Thee\AppData\Local\Temp\ccQ7BMUO.s 			page 1


   1              		.cpu cortex-m3
   2              		.eabi_attribute 20, 1
   3              		.eabi_attribute 21, 1
   4              		.eabi_attribute 23, 3
   5              		.eabi_attribute 24, 1
   6              		.eabi_attribute 25, 1
   7              		.eabi_attribute 26, 1
   8              		.eabi_attribute 30, 1
   9              		.eabi_attribute 34, 1
  10              		.eabi_attribute 18, 4
  11              		.file	"main.c"
  12              		.text
  13              	.Ltext0:
  14              		.cfi_sections	.debug_frame
  15              		.section	.text.SystemClock_Config,"ax",%progbits
  16              		.align	1
  17              		.global	SystemClock_Config
  18              		.syntax unified
  19              		.thumb
  20              		.thumb_func
  21              		.fpu softvfp
  23              	SystemClock_Config:
  24              	.LFB69:
  25              		.file 1 "Src/main.c"
   1:Src/main.c    **** /* USER CODE BEGIN Header */
   2:Src/main.c    **** /**
   3:Src/main.c    ****   ******************************************************************************
   4:Src/main.c    ****   * @file           : main.c
   5:Src/main.c    ****   * @brief          : Main program body
   6:Src/main.c    ****   ******************************************************************************
   7:Src/main.c    ****   * @attention
   8:Src/main.c    ****   *
   9:Src/main.c    ****   * <h2><center>&copy; Copyright (c) 2020 STMicroelectronics.
  10:Src/main.c    ****   * All rights reserved.</center></h2>
  11:Src/main.c    ****   *
  12:Src/main.c    ****   * This software component is licensed by ST under BSD 3-Clause license,
  13:Src/main.c    ****   * the "License"; You may not use this file except in compliance with the
  14:Src/main.c    ****   * License. You may obtain a copy of the License at:
  15:Src/main.c    ****   *                        opensource.org/licenses/BSD-3-Clause
  16:Src/main.c    ****   *
  17:Src/main.c    ****   ******************************************************************************
  18:Src/main.c    ****   */
  19:Src/main.c    **** /* USER CODE END Header */
  20:Src/main.c    **** 
  21:Src/main.c    **** /* Includes ------------------------------------------------------------------*/
  22:Src/main.c    **** #include "main.h"
  23:Src/main.c    **** #include "usart.h"
  24:Src/main.c    **** #include "gpio.h"
  25:Src/main.c    **** 
  26:Src/main.c    **** /* Private includes ----------------------------------------------------------*/
  27:Src/main.c    **** /* USER CODE BEGIN Includes */
  28:Src/main.c    **** #include "stdio.h"
  29:Src/main.c    **** /* USER CODE END Includes */
  30:Src/main.c    **** 
  31:Src/main.c    **** /* Private typedef -----------------------------------------------------------*/
  32:Src/main.c    **** /* USER CODE BEGIN PTD */
  33:Src/main.c    **** 
ARM GAS  C:\Users\Thee\AppData\Local\Temp\ccQ7BMUO.s 			page 2


  34:Src/main.c    **** /* USER CODE END PTD */
  35:Src/main.c    **** 
  36:Src/main.c    **** /* Private define ------------------------------------------------------------*/
  37:Src/main.c    **** /* USER CODE BEGIN PD */
  38:Src/main.c    **** /* USER CODE END PD */
  39:Src/main.c    **** 
  40:Src/main.c    **** /* Private macro -------------------------------------------------------------*/
  41:Src/main.c    **** /* USER CODE BEGIN PM */
  42:Src/main.c    **** 
  43:Src/main.c    **** /* USER CODE END PM */
  44:Src/main.c    **** 
  45:Src/main.c    **** /* Private variables ---------------------------------------------------------*/
  46:Src/main.c    **** 
  47:Src/main.c    **** /* USER CODE BEGIN PV */
  48:Src/main.c    **** 
  49:Src/main.c    **** /* USER CODE END PV */
  50:Src/main.c    **** 
  51:Src/main.c    **** /* Private function prototypes -----------------------------------------------*/
  52:Src/main.c    **** void SystemClock_Config(void);
  53:Src/main.c    **** /* USER CODE BEGIN PFP */
  54:Src/main.c    **** 
  55:Src/main.c    **** /* USER CODE END PFP */
  56:Src/main.c    **** 
  57:Src/main.c    **** /* Private user code ---------------------------------------------------------*/
  58:Src/main.c    **** /* USER CODE BEGIN 0 */
  59:Src/main.c    **** 
  60:Src/main.c    **** /* USER CODE END 0 */
  61:Src/main.c    **** 
  62:Src/main.c    **** /**
  63:Src/main.c    ****   * @brief  The application entry point.
  64:Src/main.c    ****   * @retval int
  65:Src/main.c    ****   */
  66:Src/main.c    **** int main(void)
  67:Src/main.c    **** {
  68:Src/main.c    ****   /* USER CODE BEGIN 1 */
  69:Src/main.c    **** 
  70:Src/main.c    ****   /* USER CODE END 1 */
  71:Src/main.c    **** 
  72:Src/main.c    ****   /* MCU Configuration--------------------------------------------------------*/
  73:Src/main.c    **** 
  74:Src/main.c    ****   /* Reset of all peripherals, Initializes the Flash interface and the Systick. */
  75:Src/main.c    ****   HAL_Init();
  76:Src/main.c    **** 
  77:Src/main.c    ****   /* USER CODE BEGIN Init */
  78:Src/main.c    **** 
  79:Src/main.c    ****   /* USER CODE END Init */
  80:Src/main.c    **** 
  81:Src/main.c    ****   /* Configure the system clock */
  82:Src/main.c    ****   SystemClock_Config();
  83:Src/main.c    **** 
  84:Src/main.c    ****   /* USER CODE BEGIN SysInit */
  85:Src/main.c    **** 
  86:Src/main.c    ****   /* USER CODE END SysInit */
  87:Src/main.c    **** 
  88:Src/main.c    ****   /* Initialize all configured peripherals */
  89:Src/main.c    ****   MX_GPIO_Init();
  90:Src/main.c    ****   MX_USART1_UART_Init();
ARM GAS  C:\Users\Thee\AppData\Local\Temp\ccQ7BMUO.s 			page 3


  91:Src/main.c    ****   /* USER CODE BEGIN 2 */
  92:Src/main.c    **** 
  93:Src/main.c    ****     //Usart_SendString((uint8_t *)"自定义函数输出\n");
  94:Src/main.c    ****   /* USER CODE END 2 */
  95:Src/main.c    **** 
  96:Src/main.c    ****   /* Infinite loop */
  97:Src/main.c    ****   /* USER CODE BEGIN WHILE */
  98:Src/main.c    ****     while (1)
  99:Src/main.c    ****     {
 100:Src/main.c    ****     /* USER CODE END WHILE */
 101:Src/main.c    **** 
 102:Src/main.c    ****     /* USER CODE BEGIN 3 */
 103:Src/main.c    ****         printf("这是重定向printf的输出\n");
 104:Src/main.c    ****         Usart_SendString((uint8_t *)"这是自定义函数输出\n");
 105:Src/main.c    ****         HAL_Delay(1000);
 106:Src/main.c    ****     }
 107:Src/main.c    ****   /* USER CODE END 3 */
 108:Src/main.c    **** }
 109:Src/main.c    **** 
 110:Src/main.c    **** /**
 111:Src/main.c    ****   * @brief System Clock Configuration
 112:Src/main.c    ****   * @retval None
 113:Src/main.c    ****   */
 114:Src/main.c    **** void SystemClock_Config(void)
 115:Src/main.c    **** {
  26              		.loc 1 115 0
  27              		.cfi_startproc
  28              		@ args = 0, pretend = 0, frame = 64
  29              		@ frame_needed = 0, uses_anonymous_args = 0
  30 0000 30B5     		push	{r4, r5, lr}
  31              	.LCFI0:
  32              		.cfi_def_cfa_offset 12
  33              		.cfi_offset 4, -12
  34              		.cfi_offset 5, -8
  35              		.cfi_offset 14, -4
  36 0002 91B0     		sub	sp, sp, #68
  37              	.LCFI1:
  38              		.cfi_def_cfa_offset 80
 116:Src/main.c    ****   RCC_OscInitTypeDef RCC_OscInitStruct = {0};
  39              		.loc 1 116 0
  40 0004 0024     		movs	r4, #0
  41 0006 0894     		str	r4, [sp, #32]
  42 0008 0994     		str	r4, [sp, #36]
  43 000a 0B94     		str	r4, [sp, #44]
  44 000c 0C94     		str	r4, [sp, #48]
 117:Src/main.c    ****   RCC_ClkInitTypeDef RCC_ClkInitStruct = {0};
  45              		.loc 1 117 0
  46 000e 0194     		str	r4, [sp, #4]
  47 0010 0294     		str	r4, [sp, #8]
  48 0012 0394     		str	r4, [sp, #12]
  49 0014 0494     		str	r4, [sp, #16]
  50 0016 0594     		str	r4, [sp, #20]
 118:Src/main.c    **** 
 119:Src/main.c    ****   /** Initializes the CPU, AHB and APB busses clocks 
 120:Src/main.c    ****   */
 121:Src/main.c    ****   RCC_OscInitStruct.OscillatorType = RCC_OSCILLATORTYPE_HSE;
  51              		.loc 1 121 0
ARM GAS  C:\Users\Thee\AppData\Local\Temp\ccQ7BMUO.s 			page 4


  52 0018 0122     		movs	r2, #1
  53 001a 0692     		str	r2, [sp, #24]
 122:Src/main.c    ****   RCC_OscInitStruct.HSEState = RCC_HSE_ON;
  54              		.loc 1 122 0
  55 001c 4FF48033 		mov	r3, #65536
  56 0020 0793     		str	r3, [sp, #28]
 123:Src/main.c    ****   RCC_OscInitStruct.HSEPredivValue = RCC_HSE_PREDIV_DIV1;
 124:Src/main.c    ****   RCC_OscInitStruct.HSIState = RCC_HSI_ON;
  57              		.loc 1 124 0
  58 0022 0A92     		str	r2, [sp, #40]
 125:Src/main.c    ****   RCC_OscInitStruct.PLL.PLLState = RCC_PLL_ON;
  59              		.loc 1 125 0
  60 0024 0225     		movs	r5, #2
  61 0026 0D95     		str	r5, [sp, #52]
 126:Src/main.c    ****   RCC_OscInitStruct.PLL.PLLSource = RCC_PLLSOURCE_HSE;
  62              		.loc 1 126 0
  63 0028 0E93     		str	r3, [sp, #56]
 127:Src/main.c    ****   RCC_OscInitStruct.PLL.PLLMUL = RCC_PLL_MUL6;
  64              		.loc 1 127 0
  65 002a 4FF48013 		mov	r3, #1048576
  66 002e 0F93     		str	r3, [sp, #60]
 128:Src/main.c    ****   if (HAL_RCC_OscConfig(&RCC_OscInitStruct) != HAL_OK)
  67              		.loc 1 128 0
  68 0030 06A8     		add	r0, sp, #24
  69 0032 FFF7FEFF 		bl	HAL_RCC_OscConfig
  70              	.LVL0:
 129:Src/main.c    ****   {
 130:Src/main.c    ****     Error_Handler();
 131:Src/main.c    ****   }
 132:Src/main.c    ****   /** Initializes the CPU, AHB and APB busses clocks 
 133:Src/main.c    ****   */
 134:Src/main.c    ****   RCC_ClkInitStruct.ClockType = RCC_CLOCKTYPE_HCLK|RCC_CLOCKTYPE_SYSCLK
  71              		.loc 1 134 0
  72 0036 0F23     		movs	r3, #15
  73 0038 0193     		str	r3, [sp, #4]
 135:Src/main.c    ****                               |RCC_CLOCKTYPE_PCLK1|RCC_CLOCKTYPE_PCLK2;
 136:Src/main.c    ****   RCC_ClkInitStruct.SYSCLKSource = RCC_SYSCLKSOURCE_PLLCLK;
  74              		.loc 1 136 0
  75 003a 0295     		str	r5, [sp, #8]
 137:Src/main.c    ****   RCC_ClkInitStruct.AHBCLKDivider = RCC_SYSCLK_DIV1;
  76              		.loc 1 137 0
  77 003c 0394     		str	r4, [sp, #12]
 138:Src/main.c    ****   RCC_ClkInitStruct.APB1CLKDivider = RCC_HCLK_DIV2;
  78              		.loc 1 138 0
  79 003e 4FF48063 		mov	r3, #1024
  80 0042 0493     		str	r3, [sp, #16]
 139:Src/main.c    ****   RCC_ClkInitStruct.APB2CLKDivider = RCC_HCLK_DIV1;
  81              		.loc 1 139 0
  82 0044 0594     		str	r4, [sp, #20]
 140:Src/main.c    **** 
 141:Src/main.c    ****   if (HAL_RCC_ClockConfig(&RCC_ClkInitStruct, FLASH_LATENCY_2) != HAL_OK)
  83              		.loc 1 141 0
  84 0046 2946     		mov	r1, r5
  85 0048 01A8     		add	r0, sp, #4
  86 004a FFF7FEFF 		bl	HAL_RCC_ClockConfig
  87              	.LVL1:
 142:Src/main.c    ****   {
ARM GAS  C:\Users\Thee\AppData\Local\Temp\ccQ7BMUO.s 			page 5


 143:Src/main.c    ****     Error_Handler();
 144:Src/main.c    ****   }
 145:Src/main.c    **** }
  88              		.loc 1 145 0
  89 004e 11B0     		add	sp, sp, #68
  90              	.LCFI2:
  91              		.cfi_def_cfa_offset 12
  92              		@ sp needed
  93 0050 30BD     		pop	{r4, r5, pc}
  94              		.cfi_endproc
  95              	.LFE69:
  97              		.section	.text.main,"ax",%progbits
  98              		.align	1
  99              		.global	main
 100              		.syntax unified
 101              		.thumb
 102              		.thumb_func
 103              		.fpu softvfp
 105              	main:
 106              	.LFB68:
  67:Src/main.c    ****   /* USER CODE BEGIN 1 */
 107              		.loc 1 67 0
 108              		.cfi_startproc
 109              		@ Volatile: function does not return.
 110              		@ args = 0, pretend = 0, frame = 0
 111              		@ frame_needed = 0, uses_anonymous_args = 0
 112 0000 08B5     		push	{r3, lr}
 113              	.LCFI3:
 114              		.cfi_def_cfa_offset 8
 115              		.cfi_offset 3, -8
 116              		.cfi_offset 14, -4
  75:Src/main.c    **** 
 117              		.loc 1 75 0
 118 0002 FFF7FEFF 		bl	HAL_Init
 119              	.LVL2:
  82:Src/main.c    **** 
 120              		.loc 1 82 0
 121 0006 FFF7FEFF 		bl	SystemClock_Config
 122              	.LVL3:
  89:Src/main.c    ****   MX_USART1_UART_Init();
 123              		.loc 1 89 0
 124 000a FFF7FEFF 		bl	MX_GPIO_Init
 125              	.LVL4:
  90:Src/main.c    ****   /* USER CODE BEGIN 2 */
 126              		.loc 1 90 0
 127 000e FFF7FEFF 		bl	MX_USART1_UART_Init
 128              	.LVL5:
 129              	.L4:
 103:Src/main.c    ****         Usart_SendString((uint8_t *)"这是自定义函数输出\n");
 130              		.loc 1 103 0 discriminator 1
 131 0012 0548     		ldr	r0, .L6
 132 0014 FFF7FEFF 		bl	puts
 133              	.LVL6:
 104:Src/main.c    ****         HAL_Delay(1000);
 134              		.loc 1 104 0 discriminator 1
 135 0018 0448     		ldr	r0, .L6+4
 136 001a FFF7FEFF 		bl	Usart_SendString
ARM GAS  C:\Users\Thee\AppData\Local\Temp\ccQ7BMUO.s 			page 6


 137              	.LVL7:
 105:Src/main.c    ****     }
 138              		.loc 1 105 0 discriminator 1
 139 001e 4FF47A70 		mov	r0, #1000
 140 0022 FFF7FEFF 		bl	HAL_Delay
 141              	.LVL8:
 142 0026 F4E7     		b	.L4
 143              	.L7:
 144              		.align	2
 145              	.L6:
 146 0028 00000000 		.word	.LC0
 147 002c 18000000 		.word	.LC1
 148              		.cfi_endproc
 149              	.LFE68:
 151              		.section	.text.Error_Handler,"ax",%progbits
 152              		.align	1
 153              		.global	Error_Handler
 154              		.syntax unified
 155              		.thumb
 156              		.thumb_func
 157              		.fpu softvfp
 159              	Error_Handler:
 160              	.LFB70:
 146:Src/main.c    **** 
 147:Src/main.c    **** /* USER CODE BEGIN 4 */
 148:Src/main.c    **** 
 149:Src/main.c    **** /* USER CODE END 4 */
 150:Src/main.c    **** 
 151:Src/main.c    **** /**
 152:Src/main.c    ****   * @brief  This function is executed in case of error occurrence.
 153:Src/main.c    ****   * @retval None
 154:Src/main.c    ****   */
 155:Src/main.c    **** void Error_Handler(void)
 156:Src/main.c    **** {
 161              		.loc 1 156 0
 162              		.cfi_startproc
 163              		@ args = 0, pretend = 0, frame = 0
 164              		@ frame_needed = 0, uses_anonymous_args = 0
 165              		@ link register save eliminated.
 157:Src/main.c    ****   /* USER CODE BEGIN Error_Handler_Debug */
 158:Src/main.c    ****     /* User can add his own implementation to report the HAL error return state */
 159:Src/main.c    **** 
 160:Src/main.c    ****   /* USER CODE END Error_Handler_Debug */
 161:Src/main.c    **** }
 166              		.loc 1 161 0
 167 0000 7047     		bx	lr
 168              		.cfi_endproc
 169              	.LFE70:
 171              		.section	.rodata.main.str1.4,"aMS",%progbits,1
 172              		.align	2
 173              	.LC0:
 174 0000 D5E2CAC7 		.ascii	"\325\342\312\307\326\330\266\250\317\362printf\265\304"
 174      D6D8B6A8 
 174      CFF27072 
 174      696E7466 
 174      B5C4
 175 0012 CAE4B3F6 		.ascii	"\312\344\263\366\000"
ARM GAS  C:\Users\Thee\AppData\Local\Temp\ccQ7BMUO.s 			page 7


 175      00
 176 0017 00       		.space	1
 177              	.LC1:
 178 0018 D5E2CAC7 		.ascii	"\325\342\312\307\327\324\266\250\322\345\272\257\312"
 178      D7D4B6A8 
 178      D2E5BAAF 
 178      CA
 179 0025 FDCAE4B3 		.ascii	"\375\312\344\263\366\012\000"
 179      F60A00
 180              		.text
 181              	.Letext0:
 182              		.file 2 "d:\\gcc-arm-none-eabi-8-2018-q4-major-win32\\arm-none-eabi\\include\\machine\\_default_ty
 183              		.file 3 "d:\\gcc-arm-none-eabi-8-2018-q4-major-win32\\arm-none-eabi\\include\\sys\\_stdint.h"
 184              		.file 4 "Drivers/CMSIS/Include/core_cm3.h"
 185              		.file 5 "Drivers/CMSIS/Device/ST/STM32F1xx/Include/system_stm32f1xx.h"
 186              		.file 6 "Drivers/CMSIS/Device/ST/STM32F1xx/Include/stm32f103xe.h"
 187              		.file 7 "Drivers/STM32F1xx_HAL_Driver/Inc/stm32f1xx_hal_def.h"
 188              		.file 8 "Drivers/STM32F1xx_HAL_Driver/Inc/stm32f1xx_hal_rcc.h"
 189              		.file 9 "Drivers/STM32F1xx_HAL_Driver/Inc/stm32f1xx_hal_rcc_ex.h"
 190              		.file 10 "Drivers/STM32F1xx_HAL_Driver/Inc/stm32f1xx_hal_dma.h"
 191              		.file 11 "Drivers/STM32F1xx_HAL_Driver/Inc/stm32f1xx_hal_uart.h"
 192              		.file 12 "Drivers/STM32F1xx_HAL_Driver/Inc/stm32f1xx_hal.h"
 193              		.file 13 "Inc/usart.h"
 194              		.file 14 "d:\\gcc-arm-none-eabi-8-2018-q4-major-win32\\arm-none-eabi\\include\\sys\\lock.h"
 195              		.file 15 "d:\\gcc-arm-none-eabi-8-2018-q4-major-win32\\arm-none-eabi\\include\\sys\\_types.h"
 196              		.file 16 "d:\\gcc-arm-none-eabi-8-2018-q4-major-win32\\lib\\gcc\\arm-none-eabi\\7.3.1\\include\\st
 197              		.file 17 "d:\\gcc-arm-none-eabi-8-2018-q4-major-win32\\arm-none-eabi\\include\\sys\\reent.h"
 198              		.file 18 "Inc/gpio.h"
 199              		.file 19 "<built-in>"
ARM GAS  C:\Users\Thee\AppData\Local\Temp\ccQ7BMUO.s 			page 8


DEFINED SYMBOLS
                            *ABS*:00000000 main.c
C:\Users\Thee\AppData\Local\Temp\ccQ7BMUO.s:16     .text.SystemClock_Config:00000000 $t
C:\Users\Thee\AppData\Local\Temp\ccQ7BMUO.s:23     .text.SystemClock_Config:00000000 SystemClock_Config
C:\Users\Thee\AppData\Local\Temp\ccQ7BMUO.s:98     .text.main:00000000 $t
C:\Users\Thee\AppData\Local\Temp\ccQ7BMUO.s:105    .text.main:00000000 main
C:\Users\Thee\AppData\Local\Temp\ccQ7BMUO.s:146    .text.main:00000028 $d
C:\Users\Thee\AppData\Local\Temp\ccQ7BMUO.s:152    .text.Error_Handler:00000000 $t
C:\Users\Thee\AppData\Local\Temp\ccQ7BMUO.s:159    .text.Error_Handler:00000000 Error_Handler
C:\Users\Thee\AppData\Local\Temp\ccQ7BMUO.s:172    .rodata.main.str1.4:00000000 $d

UNDEFINED SYMBOLS
HAL_RCC_OscConfig
HAL_RCC_ClockConfig
HAL_Init
MX_GPIO_Init
MX_USART1_UART_Init
puts
Usart_SendString
HAL_Delay
