ARM GAS  C:\Users\Thee\AppData\Local\Temp\ccISxXad.s 			page 1


   1              		.cpu cortex-m3
   2              		.eabi_attribute 20, 1
   3              		.eabi_attribute 21, 1
   4              		.eabi_attribute 23, 3
   5              		.eabi_attribute 24, 1
   6              		.eabi_attribute 25, 1
   7              		.eabi_attribute 26, 1
   8              		.eabi_attribute 30, 1
   9              		.eabi_attribute 34, 1
  10              		.eabi_attribute 18, 4
  11              		.file	"stm32f1xx_hal_msp.c"
  12              		.text
  13              	.Ltext0:
  14              		.cfi_sections	.debug_frame
  15              		.section	.text.HAL_MspInit,"ax",%progbits
  16              		.align	1
  17              		.global	HAL_MspInit
  18              		.syntax unified
  19              		.thumb
  20              		.thumb_func
  21              		.fpu softvfp
  23              	HAL_MspInit:
  24              	.LFB65:
  25              		.file 1 "Src/stm32f1xx_hal_msp.c"
   1:Src/stm32f1xx_hal_msp.c **** /* USER CODE BEGIN Header */
   2:Src/stm32f1xx_hal_msp.c **** /**
   3:Src/stm32f1xx_hal_msp.c ****   ******************************************************************************
   4:Src/stm32f1xx_hal_msp.c ****   * File Name          : stm32f1xx_hal_msp.c
   5:Src/stm32f1xx_hal_msp.c ****   * Description        : This file provides code for the MSP Initialization 
   6:Src/stm32f1xx_hal_msp.c ****   *                      and de-Initialization codes.
   7:Src/stm32f1xx_hal_msp.c ****   ******************************************************************************
   8:Src/stm32f1xx_hal_msp.c ****   * @attention
   9:Src/stm32f1xx_hal_msp.c ****   *
  10:Src/stm32f1xx_hal_msp.c ****   * <h2><center>&copy; Copyright (c) 2020 STMicroelectronics.
  11:Src/stm32f1xx_hal_msp.c ****   * All rights reserved.</center></h2>
  12:Src/stm32f1xx_hal_msp.c ****   *
  13:Src/stm32f1xx_hal_msp.c ****   * This software component is licensed by ST under BSD 3-Clause license,
  14:Src/stm32f1xx_hal_msp.c ****   * the "License"; You may not use this file except in compliance with the
  15:Src/stm32f1xx_hal_msp.c ****   * License. You may obtain a copy of the License at:
  16:Src/stm32f1xx_hal_msp.c ****   *                        opensource.org/licenses/BSD-3-Clause
  17:Src/stm32f1xx_hal_msp.c ****   *
  18:Src/stm32f1xx_hal_msp.c ****   ******************************************************************************
  19:Src/stm32f1xx_hal_msp.c ****   */
  20:Src/stm32f1xx_hal_msp.c **** /* USER CODE END Header */
  21:Src/stm32f1xx_hal_msp.c **** 
  22:Src/stm32f1xx_hal_msp.c **** /* Includes ------------------------------------------------------------------*/
  23:Src/stm32f1xx_hal_msp.c **** #include "main.h"
  24:Src/stm32f1xx_hal_msp.c **** /* USER CODE BEGIN Includes */
  25:Src/stm32f1xx_hal_msp.c **** 
  26:Src/stm32f1xx_hal_msp.c **** /* USER CODE END Includes */
  27:Src/stm32f1xx_hal_msp.c **** 
  28:Src/stm32f1xx_hal_msp.c **** /* Private typedef -----------------------------------------------------------*/
  29:Src/stm32f1xx_hal_msp.c **** /* USER CODE BEGIN TD */
  30:Src/stm32f1xx_hal_msp.c **** 
  31:Src/stm32f1xx_hal_msp.c **** /* USER CODE END TD */
  32:Src/stm32f1xx_hal_msp.c **** 
  33:Src/stm32f1xx_hal_msp.c **** /* Private define ------------------------------------------------------------*/
ARM GAS  C:\Users\Thee\AppData\Local\Temp\ccISxXad.s 			page 2


  34:Src/stm32f1xx_hal_msp.c **** /* USER CODE BEGIN Define */
  35:Src/stm32f1xx_hal_msp.c ****  
  36:Src/stm32f1xx_hal_msp.c **** /* USER CODE END Define */
  37:Src/stm32f1xx_hal_msp.c **** 
  38:Src/stm32f1xx_hal_msp.c **** /* Private macro -------------------------------------------------------------*/
  39:Src/stm32f1xx_hal_msp.c **** /* USER CODE BEGIN Macro */
  40:Src/stm32f1xx_hal_msp.c **** 
  41:Src/stm32f1xx_hal_msp.c **** /* USER CODE END Macro */
  42:Src/stm32f1xx_hal_msp.c **** 
  43:Src/stm32f1xx_hal_msp.c **** /* Private variables ---------------------------------------------------------*/
  44:Src/stm32f1xx_hal_msp.c **** /* USER CODE BEGIN PV */
  45:Src/stm32f1xx_hal_msp.c **** 
  46:Src/stm32f1xx_hal_msp.c **** /* USER CODE END PV */
  47:Src/stm32f1xx_hal_msp.c **** 
  48:Src/stm32f1xx_hal_msp.c **** /* Private function prototypes -----------------------------------------------*/
  49:Src/stm32f1xx_hal_msp.c **** /* USER CODE BEGIN PFP */
  50:Src/stm32f1xx_hal_msp.c **** 
  51:Src/stm32f1xx_hal_msp.c **** /* USER CODE END PFP */
  52:Src/stm32f1xx_hal_msp.c **** 
  53:Src/stm32f1xx_hal_msp.c **** /* External functions --------------------------------------------------------*/
  54:Src/stm32f1xx_hal_msp.c **** /* USER CODE BEGIN ExternalFunctions */
  55:Src/stm32f1xx_hal_msp.c **** 
  56:Src/stm32f1xx_hal_msp.c **** /* USER CODE END ExternalFunctions */
  57:Src/stm32f1xx_hal_msp.c **** 
  58:Src/stm32f1xx_hal_msp.c **** /* USER CODE BEGIN 0 */
  59:Src/stm32f1xx_hal_msp.c **** 
  60:Src/stm32f1xx_hal_msp.c **** /* USER CODE END 0 */
  61:Src/stm32f1xx_hal_msp.c **** /**
  62:Src/stm32f1xx_hal_msp.c ****   * Initializes the Global MSP.
  63:Src/stm32f1xx_hal_msp.c ****   */
  64:Src/stm32f1xx_hal_msp.c **** void HAL_MspInit(void)
  65:Src/stm32f1xx_hal_msp.c **** {
  26              		.loc 1 65 0
  27              		.cfi_startproc
  28              		@ args = 0, pretend = 0, frame = 8
  29              		@ frame_needed = 0, uses_anonymous_args = 0
  30 0000 00B5     		push	{lr}
  31              	.LCFI0:
  32              		.cfi_def_cfa_offset 4
  33              		.cfi_offset 14, -4
  34 0002 83B0     		sub	sp, sp, #12
  35              	.LCFI1:
  36              		.cfi_def_cfa_offset 16
  37              	.LBB2:
  66:Src/stm32f1xx_hal_msp.c ****   /* USER CODE BEGIN MspInit 0 */
  67:Src/stm32f1xx_hal_msp.c **** 
  68:Src/stm32f1xx_hal_msp.c ****   /* USER CODE END MspInit 0 */
  69:Src/stm32f1xx_hal_msp.c **** 
  70:Src/stm32f1xx_hal_msp.c ****   __HAL_RCC_AFIO_CLK_ENABLE();
  38              		.loc 1 70 0
  39 0004 134B     		ldr	r3, .L3
  40 0006 9A69     		ldr	r2, [r3, #24]
  41 0008 42F00102 		orr	r2, r2, #1
  42 000c 9A61     		str	r2, [r3, #24]
  43 000e 9A69     		ldr	r2, [r3, #24]
  44 0010 02F00102 		and	r2, r2, #1
  45 0014 0092     		str	r2, [sp]
ARM GAS  C:\Users\Thee\AppData\Local\Temp\ccISxXad.s 			page 3


  46 0016 009A     		ldr	r2, [sp]
  47              	.LBE2:
  48              	.LBB3:
  71:Src/stm32f1xx_hal_msp.c ****   __HAL_RCC_PWR_CLK_ENABLE();
  49              		.loc 1 71 0
  50 0018 DA69     		ldr	r2, [r3, #28]
  51 001a 42F08052 		orr	r2, r2, #268435456
  52 001e DA61     		str	r2, [r3, #28]
  53 0020 DB69     		ldr	r3, [r3, #28]
  54 0022 03F08053 		and	r3, r3, #268435456
  55 0026 0193     		str	r3, [sp, #4]
  56 0028 019B     		ldr	r3, [sp, #4]
  57              	.LBE3:
  72:Src/stm32f1xx_hal_msp.c **** 
  73:Src/stm32f1xx_hal_msp.c ****   HAL_NVIC_SetPriorityGrouping(NVIC_PRIORITYGROUP_3);
  58              		.loc 1 73 0
  59 002a 0420     		movs	r0, #4
  60 002c FFF7FEFF 		bl	HAL_NVIC_SetPriorityGrouping
  61              	.LVL0:
  74:Src/stm32f1xx_hal_msp.c **** 
  75:Src/stm32f1xx_hal_msp.c ****   /* System interrupt init*/
  76:Src/stm32f1xx_hal_msp.c **** 
  77:Src/stm32f1xx_hal_msp.c ****   /* Peripheral interrupt init */
  78:Src/stm32f1xx_hal_msp.c ****   /* RCC_IRQn interrupt configuration */
  79:Src/stm32f1xx_hal_msp.c ****   HAL_NVIC_SetPriority(RCC_IRQn, 0, 0);
  62              		.loc 1 79 0
  63 0030 0022     		movs	r2, #0
  64 0032 1146     		mov	r1, r2
  65 0034 0520     		movs	r0, #5
  66 0036 FFF7FEFF 		bl	HAL_NVIC_SetPriority
  67              	.LVL1:
  80:Src/stm32f1xx_hal_msp.c ****   HAL_NVIC_EnableIRQ(RCC_IRQn);
  68              		.loc 1 80 0
  69 003a 0520     		movs	r0, #5
  70 003c FFF7FEFF 		bl	HAL_NVIC_EnableIRQ
  71              	.LVL2:
  72              	.LBB4:
  81:Src/stm32f1xx_hal_msp.c **** 
  82:Src/stm32f1xx_hal_msp.c ****   /** DISABLE: JTAG-DP Disabled and SW-DP Disabled 
  83:Src/stm32f1xx_hal_msp.c ****   */
  84:Src/stm32f1xx_hal_msp.c ****   __HAL_AFIO_REMAP_SWJ_DISABLE();
  73              		.loc 1 84 0
  74 0040 054A     		ldr	r2, .L3+4
  75 0042 5368     		ldr	r3, [r2, #4]
  76              	.LVL3:
  77 0044 23F0E063 		bic	r3, r3, #117440512
  78              	.LVL4:
  79 0048 43F08063 		orr	r3, r3, #67108864
  80              	.LVL5:
  81 004c 5360     		str	r3, [r2, #4]
  82              	.LBE4:
  85:Src/stm32f1xx_hal_msp.c **** 
  86:Src/stm32f1xx_hal_msp.c ****   /* USER CODE BEGIN MspInit 1 */
  87:Src/stm32f1xx_hal_msp.c **** 
  88:Src/stm32f1xx_hal_msp.c ****   /* USER CODE END MspInit 1 */
  89:Src/stm32f1xx_hal_msp.c **** }
  83              		.loc 1 89 0
ARM GAS  C:\Users\Thee\AppData\Local\Temp\ccISxXad.s 			page 4


  84 004e 03B0     		add	sp, sp, #12
  85              	.LCFI2:
  86              		.cfi_def_cfa_offset 4
  87              		@ sp needed
  88 0050 5DF804FB 		ldr	pc, [sp], #4
  89              	.L4:
  90              		.align	2
  91              	.L3:
  92 0054 00100240 		.word	1073876992
  93 0058 00000140 		.word	1073807360
  94              		.cfi_endproc
  95              	.LFE65:
  97              		.text
  98              	.Letext0:
  99              		.file 2 "d:\\gcc-arm-none-eabi-8-2018-q4-major-win32\\arm-none-eabi\\include\\machine\\_default_ty
 100              		.file 3 "d:\\gcc-arm-none-eabi-8-2018-q4-major-win32\\arm-none-eabi\\include\\sys\\_stdint.h"
 101              		.file 4 "Drivers/CMSIS/Include/core_cm3.h"
 102              		.file 5 "Drivers/CMSIS/Device/ST/STM32F1xx/Include/system_stm32f1xx.h"
 103              		.file 6 "Drivers/CMSIS/Device/ST/STM32F1xx/Include/stm32f103xe.h"
 104              		.file 7 "Drivers/STM32F1xx_HAL_Driver/Inc/stm32f1xx_hal.h"
 105              		.file 8 "Drivers/STM32F1xx_HAL_Driver/Inc/stm32f1xx_hal_cortex.h"
ARM GAS  C:\Users\Thee\AppData\Local\Temp\ccISxXad.s 			page 5


DEFINED SYMBOLS
                            *ABS*:00000000 stm32f1xx_hal_msp.c
C:\Users\Thee\AppData\Local\Temp\ccISxXad.s:16     .text.HAL_MspInit:00000000 $t
C:\Users\Thee\AppData\Local\Temp\ccISxXad.s:23     .text.HAL_MspInit:00000000 HAL_MspInit
C:\Users\Thee\AppData\Local\Temp\ccISxXad.s:92     .text.HAL_MspInit:00000054 $d

UNDEFINED SYMBOLS
HAL_NVIC_SetPriorityGrouping
HAL_NVIC_SetPriority
HAL_NVIC_EnableIRQ
