ARM GAS  C:\Users\Thee\AppData\Local\Temp\cc8kVm0v.s 			page 1


   1              		.cpu cortex-m3
   2              		.eabi_attribute 20, 1
   3              		.eabi_attribute 21, 1
   4              		.eabi_attribute 23, 3
   5              		.eabi_attribute 24, 1
   6              		.eabi_attribute 25, 1
   7              		.eabi_attribute 26, 1
   8              		.eabi_attribute 30, 1
   9              		.eabi_attribute 34, 1
  10              		.eabi_attribute 18, 4
  11              		.file	"gpio.c"
  12              		.text
  13              	.Ltext0:
  14              		.cfi_sections	.debug_frame
  15              		.section	.text.MX_GPIO_Init,"ax",%progbits
  16              		.align	1
  17              		.global	MX_GPIO_Init
  18              		.syntax unified
  19              		.thumb
  20              		.thumb_func
  21              		.fpu softvfp
  23              	MX_GPIO_Init:
  24              	.LFB65:
  25              		.file 1 "Src/gpio.c"
   1:Src/gpio.c    **** /**
   2:Src/gpio.c    ****   ******************************************************************************
   3:Src/gpio.c    ****   * File Name          : gpio.c
   4:Src/gpio.c    ****   * Description        : This file provides code for the configuration
   5:Src/gpio.c    ****   *                      of all used GPIO pins.
   6:Src/gpio.c    ****   ******************************************************************************
   7:Src/gpio.c    ****   * @attention
   8:Src/gpio.c    ****   *
   9:Src/gpio.c    ****   * <h2><center>&copy; Copyright (c) 2020 STMicroelectronics.
  10:Src/gpio.c    ****   * All rights reserved.</center></h2>
  11:Src/gpio.c    ****   *
  12:Src/gpio.c    ****   * This software component is licensed by ST under BSD 3-Clause license,
  13:Src/gpio.c    ****   * the "License"; You may not use this file except in compliance with the
  14:Src/gpio.c    ****   * License. You may obtain a copy of the License at:
  15:Src/gpio.c    ****   *                        opensource.org/licenses/BSD-3-Clause
  16:Src/gpio.c    ****   *
  17:Src/gpio.c    ****   ******************************************************************************
  18:Src/gpio.c    ****   */
  19:Src/gpio.c    **** 
  20:Src/gpio.c    **** /* Includes ------------------------------------------------------------------*/
  21:Src/gpio.c    **** #include "gpio.h"
  22:Src/gpio.c    **** /* USER CODE BEGIN 0 */
  23:Src/gpio.c    **** 
  24:Src/gpio.c    **** /* USER CODE END 0 */
  25:Src/gpio.c    **** 
  26:Src/gpio.c    **** /*----------------------------------------------------------------------------*/
  27:Src/gpio.c    **** /* Configure GPIO                                                             */
  28:Src/gpio.c    **** /*----------------------------------------------------------------------------*/
  29:Src/gpio.c    **** /* USER CODE BEGIN 1 */
  30:Src/gpio.c    **** 
  31:Src/gpio.c    **** /* USER CODE END 1 */
  32:Src/gpio.c    **** 
  33:Src/gpio.c    **** /** Configure pins as 
ARM GAS  C:\Users\Thee\AppData\Local\Temp\cc8kVm0v.s 			page 2


  34:Src/gpio.c    ****         * Analog 
  35:Src/gpio.c    ****         * Input 
  36:Src/gpio.c    ****         * Output
  37:Src/gpio.c    ****         * EVENT_OUT
  38:Src/gpio.c    ****         * EXTI
  39:Src/gpio.c    **** */
  40:Src/gpio.c    **** void MX_GPIO_Init(void)
  41:Src/gpio.c    **** {
  26              		.loc 1 41 0
  27              		.cfi_startproc
  28              		@ args = 0, pretend = 0, frame = 24
  29              		@ frame_needed = 0, uses_anonymous_args = 0
  30 0000 30B5     		push	{r4, r5, lr}
  31              	.LCFI0:
  32              		.cfi_def_cfa_offset 12
  33              		.cfi_offset 4, -12
  34              		.cfi_offset 5, -8
  35              		.cfi_offset 14, -4
  36 0002 87B0     		sub	sp, sp, #28
  37              	.LCFI1:
  38              		.cfi_def_cfa_offset 40
  42:Src/gpio.c    **** 
  43:Src/gpio.c    ****     GPIO_InitTypeDef GPIO_InitStruct = {0};
  39              		.loc 1 43 0
  40 0004 0024     		movs	r4, #0
  41 0006 0294     		str	r4, [sp, #8]
  42 0008 0394     		str	r4, [sp, #12]
  43 000a 0494     		str	r4, [sp, #16]
  44 000c 0594     		str	r4, [sp, #20]
  45              	.LBB2:
  44:Src/gpio.c    **** 
  45:Src/gpio.c    ****     /* GPIO Ports Clock Enable */
  46:Src/gpio.c    ****     __HAL_RCC_GPIOD_CLK_ENABLE();
  46              		.loc 1 46 0
  47 000e 154B     		ldr	r3, .L3
  48 0010 9A69     		ldr	r2, [r3, #24]
  49 0012 42F02002 		orr	r2, r2, #32
  50 0016 9A61     		str	r2, [r3, #24]
  51 0018 9A69     		ldr	r2, [r3, #24]
  52 001a 02F02002 		and	r2, r2, #32
  53 001e 0092     		str	r2, [sp]
  54 0020 009A     		ldr	r2, [sp]
  55              	.LBE2:
  56              	.LBB3:
  47:Src/gpio.c    ****     __HAL_RCC_GPIOC_CLK_ENABLE();
  57              		.loc 1 47 0
  58 0022 9A69     		ldr	r2, [r3, #24]
  59 0024 42F01002 		orr	r2, r2, #16
  60 0028 9A61     		str	r2, [r3, #24]
  61 002a 9B69     		ldr	r3, [r3, #24]
  62 002c 03F01003 		and	r3, r3, #16
  63 0030 0193     		str	r3, [sp, #4]
  64 0032 019B     		ldr	r3, [sp, #4]
  65              	.LBE3:
  48:Src/gpio.c    **** 
  49:Src/gpio.c    ****     /*Configure GPIO pin Output Level */
  50:Src/gpio.c    ****     HAL_GPIO_WritePin(GPIOC, LED1_Pin | LED2_Pin, GPIO_PIN_RESET);
ARM GAS  C:\Users\Thee\AppData\Local\Temp\cc8kVm0v.s 			page 3


  66              		.loc 1 50 0
  67 0034 0C4D     		ldr	r5, .L3+4
  68 0036 2246     		mov	r2, r4
  69 0038 0C21     		movs	r1, #12
  70 003a 2846     		mov	r0, r5
  71 003c FFF7FEFF 		bl	HAL_GPIO_WritePin
  72              	.LVL0:
  51:Src/gpio.c    **** 
  52:Src/gpio.c    ****     /*Configure GPIO pins : PCPin PCPin */
  53:Src/gpio.c    ****     GPIO_InitStruct.Pin = LED1_Pin | LED2_Pin;
  73              		.loc 1 53 0
  74 0040 0C23     		movs	r3, #12
  75 0042 0293     		str	r3, [sp, #8]
  54:Src/gpio.c    ****     GPIO_InitStruct.Mode = GPIO_MODE_OUTPUT_PP;
  76              		.loc 1 54 0
  77 0044 0123     		movs	r3, #1
  78 0046 0393     		str	r3, [sp, #12]
  55:Src/gpio.c    ****     GPIO_InitStruct.Pull = GPIO_NOPULL;
  79              		.loc 1 55 0
  80 0048 0494     		str	r4, [sp, #16]
  56:Src/gpio.c    ****     GPIO_InitStruct.Speed = GPIO_SPEED_FREQ_LOW;
  81              		.loc 1 56 0
  82 004a 0223     		movs	r3, #2
  83 004c 0593     		str	r3, [sp, #20]
  57:Src/gpio.c    ****     HAL_GPIO_Init(GPIOC, &GPIO_InitStruct);
  84              		.loc 1 57 0
  85 004e 02A9     		add	r1, sp, #8
  86 0050 2846     		mov	r0, r5
  87 0052 FFF7FEFF 		bl	HAL_GPIO_Init
  88              	.LVL1:
  58:Src/gpio.c    ****     LED1_OFF;
  89              		.loc 1 58 0
  90 0056 0423     		movs	r3, #4
  91 0058 2B61     		str	r3, [r5, #16]
  59:Src/gpio.c    ****     LED2_OFF;
  92              		.loc 1 59 0
  93 005a 0823     		movs	r3, #8
  94 005c 2B61     		str	r3, [r5, #16]
  60:Src/gpio.c    **** }
  95              		.loc 1 60 0
  96 005e 07B0     		add	sp, sp, #28
  97              	.LCFI2:
  98              		.cfi_def_cfa_offset 12
  99              		@ sp needed
 100 0060 30BD     		pop	{r4, r5, pc}
 101              	.L4:
 102 0062 00BF     		.align	2
 103              	.L3:
 104 0064 00100240 		.word	1073876992
 105 0068 00100140 		.word	1073811456
 106              		.cfi_endproc
 107              	.LFE65:
 109              		.text
 110              	.Letext0:
 111              		.file 2 "d:\\gcc-arm-none-eabi-8-2018-q4-major-win32\\arm-none-eabi\\include\\machine\\_default_ty
 112              		.file 3 "d:\\gcc-arm-none-eabi-8-2018-q4-major-win32\\arm-none-eabi\\include\\sys\\_stdint.h"
 113              		.file 4 "Drivers/CMSIS/Include/core_cm3.h"
ARM GAS  C:\Users\Thee\AppData\Local\Temp\cc8kVm0v.s 			page 4


 114              		.file 5 "Drivers/CMSIS/Device/ST/STM32F1xx/Include/system_stm32f1xx.h"
 115              		.file 6 "Drivers/CMSIS/Device/ST/STM32F1xx/Include/stm32f103xe.h"
 116              		.file 7 "Drivers/STM32F1xx_HAL_Driver/Inc/stm32f1xx_hal_gpio.h"
 117              		.file 8 "Drivers/STM32F1xx_HAL_Driver/Inc/stm32f1xx_hal.h"
ARM GAS  C:\Users\Thee\AppData\Local\Temp\cc8kVm0v.s 			page 5


DEFINED SYMBOLS
                            *ABS*:00000000 gpio.c
C:\Users\Thee\AppData\Local\Temp\cc8kVm0v.s:16     .text.MX_GPIO_Init:00000000 $t
C:\Users\Thee\AppData\Local\Temp\cc8kVm0v.s:23     .text.MX_GPIO_Init:00000000 MX_GPIO_Init
C:\Users\Thee\AppData\Local\Temp\cc8kVm0v.s:104    .text.MX_GPIO_Init:00000064 $d

UNDEFINED SYMBOLS
HAL_GPIO_WritePin
HAL_GPIO_Init
