ARM GAS  C:\Users\Thee\AppData\Local\Temp\ccjySbJi.s 			page 1


   1              		.cpu cortex-m3
   2              		.eabi_attribute 20, 1
   3              		.eabi_attribute 21, 1
   4              		.eabi_attribute 23, 3
   5              		.eabi_attribute 24, 1
   6              		.eabi_attribute 25, 1
   7              		.eabi_attribute 26, 1
   8              		.eabi_attribute 30, 1
   9              		.eabi_attribute 34, 1
  10              		.eabi_attribute 18, 4
  11              		.file	"main.c"
  12              		.text
  13              	.Ltext0:
  14              		.cfi_sections	.debug_frame
  15              		.section	.text.SystemClock_Config,"ax",%progbits
  16              		.align	1
  17              		.global	SystemClock_Config
  18              		.syntax unified
  19              		.thumb
  20              		.thumb_func
  21              		.fpu softvfp
  23              	SystemClock_Config:
  24              	.LFB69:
  25              		.file 1 "Src/main.c"
   1:Src/main.c    **** /* USER CODE BEGIN Header */
   2:Src/main.c    **** /**
   3:Src/main.c    ****   ******************************************************************************
   4:Src/main.c    ****   * @file           : main.c
   5:Src/main.c    ****   * @brief          : Main program body
   6:Src/main.c    ****   ******************************************************************************
   7:Src/main.c    ****   * @attention
   8:Src/main.c    ****   *
   9:Src/main.c    ****   * <h2><center>&copy; Copyright (c) 2020 STMicroelectronics.
  10:Src/main.c    ****   * All rights reserved.</center></h2>
  11:Src/main.c    ****   *
  12:Src/main.c    ****   * This software component is licensed by ST under BSD 3-Clause license,
  13:Src/main.c    ****   * the "License"; You may not use this file except in compliance with the
  14:Src/main.c    ****   * License. You may obtain a copy of the License at:
  15:Src/main.c    ****   *                        opensource.org/licenses/BSD-3-Clause
  16:Src/main.c    ****   *
  17:Src/main.c    ****   ******************************************************************************
  18:Src/main.c    ****   */
  19:Src/main.c    **** /* USER CODE END Header */
  20:Src/main.c    **** 
  21:Src/main.c    **** /* Includes ------------------------------------------------------------------*/
  22:Src/main.c    **** #include "main.h"
  23:Src/main.c    **** #include "dma.h"
  24:Src/main.c    **** #include "usart.h"
  25:Src/main.c    **** #include "gpio.h"
  26:Src/main.c    **** 
  27:Src/main.c    **** /* Private includes ----------------------------------------------------------*/
  28:Src/main.c    **** /* USER CODE BEGIN Includes */
  29:Src/main.c    **** #include <stdio.h>
  30:Src/main.c    **** /* USER CODE END Includes */
  31:Src/main.c    **** 
  32:Src/main.c    **** /* Private typedef -----------------------------------------------------------*/
  33:Src/main.c    **** /* USER CODE BEGIN PTD */
ARM GAS  C:\Users\Thee\AppData\Local\Temp\ccjySbJi.s 			page 2


  34:Src/main.c    **** 
  35:Src/main.c    **** /* USER CODE END PTD */
  36:Src/main.c    **** 
  37:Src/main.c    **** /* Private define ------------------------------------------------------------*/
  38:Src/main.c    **** /* USER CODE BEGIN PD */
  39:Src/main.c    **** /* USER CODE END PD */
  40:Src/main.c    **** 
  41:Src/main.c    **** /* Private macro -------------------------------------------------------------*/
  42:Src/main.c    **** /* USER CODE BEGIN PM */
  43:Src/main.c    **** 
  44:Src/main.c    **** /* USER CODE END PM */
  45:Src/main.c    **** 
  46:Src/main.c    **** /* Private variables ---------------------------------------------------------*/
  47:Src/main.c    **** 
  48:Src/main.c    **** /* USER CODE BEGIN PV */
  49:Src/main.c    **** 
  50:Src/main.c    **** /* USER CODE END PV */
  51:Src/main.c    **** 
  52:Src/main.c    **** /* Private function prototypes -----------------------------------------------*/
  53:Src/main.c    **** void SystemClock_Config(void);
  54:Src/main.c    **** /* USER CODE BEGIN PFP */
  55:Src/main.c    **** 
  56:Src/main.c    **** /* USER CODE END PFP */
  57:Src/main.c    **** 
  58:Src/main.c    **** /* Private user code ---------------------------------------------------------*/
  59:Src/main.c    **** /* USER CODE BEGIN 0 */
  60:Src/main.c    **** uint8_t SendBuff[100];
  61:Src/main.c    **** /* USER CODE END 0 */
  62:Src/main.c    **** 
  63:Src/main.c    **** /**
  64:Src/main.c    ****   * @brief  The application entry point.
  65:Src/main.c    ****   * @retval int
  66:Src/main.c    ****   */
  67:Src/main.c    **** int main(void)
  68:Src/main.c    **** {
  69:Src/main.c    ****     /* USER CODE BEGIN 1 */
  70:Src/main.c    ****     int i;
  71:Src/main.c    ****     /* USER CODE END 1 */
  72:Src/main.c    **** 
  73:Src/main.c    ****     /* MCU Configuration--------------------------------------------------------*/
  74:Src/main.c    **** 
  75:Src/main.c    ****     /* Reset of all peripherals, Initializes the Flash interface and the Systick. */
  76:Src/main.c    ****     HAL_Init();
  77:Src/main.c    **** 
  78:Src/main.c    ****     /* USER CODE BEGIN Init */
  79:Src/main.c    **** 
  80:Src/main.c    ****     /* USER CODE END Init */
  81:Src/main.c    **** 
  82:Src/main.c    ****     /* Configure the system clock */
  83:Src/main.c    ****     SystemClock_Config();
  84:Src/main.c    **** 
  85:Src/main.c    ****     /* USER CODE BEGIN SysInit */
  86:Src/main.c    **** 
  87:Src/main.c    ****     /* USER CODE END SysInit */
  88:Src/main.c    **** 
  89:Src/main.c    ****     /* Initialize all configured peripherals */
  90:Src/main.c    ****     MX_GPIO_Init();
ARM GAS  C:\Users\Thee\AppData\Local\Temp\ccjySbJi.s 			page 3


  91:Src/main.c    ****     MX_DMA_Init();
  92:Src/main.c    ****     MX_USART1_UART_Init();
  93:Src/main.c    ****     /* USER CODE BEGIN 2 */
  94:Src/main.c    ****     printf("\r\n USART1 DMA TX Test \r\n");
  95:Src/main.c    ****     for (i = 0; i < 100; i++)
  96:Src/main.c    ****     {
  97:Src/main.c    ****         SendBuff[i] = 'A';
  98:Src/main.c    ****     }
  99:Src/main.c    **** 
 100:Src/main.c    ****     HAL_UART_Transmit_DMA(&huart1, (uint8_t *)SendBuff, 100);
 101:Src/main.c    ****     /* USER CODE END 2 */
 102:Src/main.c    **** 
 103:Src/main.c    ****     /* Infinite loop */
 104:Src/main.c    ****     /* USER CODE BEGIN WHILE */
 105:Src/main.c    ****     while (1)
 106:Src/main.c    ****     {
 107:Src/main.c    ****         HAL_Delay(200);
 108:Src/main.c    ****         HAL_GPIO_TogglePin(LED1_GPIO_Port, LED1_Pin);
 109:Src/main.c    ****         /* USER CODE END WHILE */
 110:Src/main.c    ****         /* USER CODE BEGIN 3 */
 111:Src/main.c    ****     }
 112:Src/main.c    ****     /* USER CODE END 3 */
 113:Src/main.c    **** }
 114:Src/main.c    **** 
 115:Src/main.c    **** /**
 116:Src/main.c    ****   * @brief System Clock Configuration
 117:Src/main.c    ****   * @retval None
 118:Src/main.c    ****   */
 119:Src/main.c    **** void SystemClock_Config(void)
 120:Src/main.c    **** {
  26              		.loc 1 120 0
  27              		.cfi_startproc
  28              		@ args = 0, pretend = 0, frame = 64
  29              		@ frame_needed = 0, uses_anonymous_args = 0
  30 0000 30B5     		push	{r4, r5, lr}
  31              	.LCFI0:
  32              		.cfi_def_cfa_offset 12
  33              		.cfi_offset 4, -12
  34              		.cfi_offset 5, -8
  35              		.cfi_offset 14, -4
  36 0002 91B0     		sub	sp, sp, #68
  37              	.LCFI1:
  38              		.cfi_def_cfa_offset 80
 121:Src/main.c    ****     RCC_OscInitTypeDef RCC_OscInitStruct = {0};
  39              		.loc 1 121 0
  40 0004 0024     		movs	r4, #0
  41 0006 0894     		str	r4, [sp, #32]
  42 0008 0994     		str	r4, [sp, #36]
  43 000a 0B94     		str	r4, [sp, #44]
  44 000c 0C94     		str	r4, [sp, #48]
 122:Src/main.c    ****     RCC_ClkInitTypeDef RCC_ClkInitStruct = {0};
  45              		.loc 1 122 0
  46 000e 0194     		str	r4, [sp, #4]
  47 0010 0294     		str	r4, [sp, #8]
  48 0012 0394     		str	r4, [sp, #12]
  49 0014 0494     		str	r4, [sp, #16]
  50 0016 0594     		str	r4, [sp, #20]
ARM GAS  C:\Users\Thee\AppData\Local\Temp\ccjySbJi.s 			page 4


 123:Src/main.c    **** 
 124:Src/main.c    ****     /** Initializes the CPU, AHB and APB busses clocks 
 125:Src/main.c    ****   */
 126:Src/main.c    ****     RCC_OscInitStruct.OscillatorType = RCC_OSCILLATORTYPE_HSE;
  51              		.loc 1 126 0
  52 0018 0122     		movs	r2, #1
  53 001a 0692     		str	r2, [sp, #24]
 127:Src/main.c    ****     RCC_OscInitStruct.HSEState = RCC_HSE_ON;
  54              		.loc 1 127 0
  55 001c 4FF48033 		mov	r3, #65536
  56 0020 0793     		str	r3, [sp, #28]
 128:Src/main.c    ****     RCC_OscInitStruct.HSEPredivValue = RCC_HSE_PREDIV_DIV1;
 129:Src/main.c    ****     RCC_OscInitStruct.HSIState = RCC_HSI_ON;
  57              		.loc 1 129 0
  58 0022 0A92     		str	r2, [sp, #40]
 130:Src/main.c    ****     RCC_OscInitStruct.PLL.PLLState = RCC_PLL_ON;
  59              		.loc 1 130 0
  60 0024 0225     		movs	r5, #2
  61 0026 0D95     		str	r5, [sp, #52]
 131:Src/main.c    ****     RCC_OscInitStruct.PLL.PLLSource = RCC_PLLSOURCE_HSE;
  62              		.loc 1 131 0
  63 0028 0E93     		str	r3, [sp, #56]
 132:Src/main.c    ****     RCC_OscInitStruct.PLL.PLLMUL = RCC_PLL_MUL9;
  64              		.loc 1 132 0
  65 002a 4FF4E013 		mov	r3, #1835008
  66 002e 0F93     		str	r3, [sp, #60]
 133:Src/main.c    ****     if (HAL_RCC_OscConfig(&RCC_OscInitStruct) != HAL_OK)
  67              		.loc 1 133 0
  68 0030 06A8     		add	r0, sp, #24
  69 0032 FFF7FEFF 		bl	HAL_RCC_OscConfig
  70              	.LVL0:
 134:Src/main.c    ****     {
 135:Src/main.c    ****         Error_Handler();
 136:Src/main.c    ****     }
 137:Src/main.c    ****     /** Initializes the CPU, AHB and APB busses clocks 
 138:Src/main.c    ****   */
 139:Src/main.c    ****     RCC_ClkInitStruct.ClockType = RCC_CLOCKTYPE_HCLK | RCC_CLOCKTYPE_SYSCLK | RCC_CLOCKTYPE_PCLK1 |
  71              		.loc 1 139 0
  72 0036 0F23     		movs	r3, #15
  73 0038 0193     		str	r3, [sp, #4]
 140:Src/main.c    ****     RCC_ClkInitStruct.SYSCLKSource = RCC_SYSCLKSOURCE_PLLCLK;
  74              		.loc 1 140 0
  75 003a 0295     		str	r5, [sp, #8]
 141:Src/main.c    ****     RCC_ClkInitStruct.AHBCLKDivider = RCC_SYSCLK_DIV1;
  76              		.loc 1 141 0
  77 003c 0394     		str	r4, [sp, #12]
 142:Src/main.c    ****     RCC_ClkInitStruct.APB1CLKDivider = RCC_HCLK_DIV2;
  78              		.loc 1 142 0
  79 003e 4FF48063 		mov	r3, #1024
  80 0042 0493     		str	r3, [sp, #16]
 143:Src/main.c    ****     RCC_ClkInitStruct.APB2CLKDivider = RCC_HCLK_DIV1;
  81              		.loc 1 143 0
  82 0044 0594     		str	r4, [sp, #20]
 144:Src/main.c    **** 
 145:Src/main.c    ****     if (HAL_RCC_ClockConfig(&RCC_ClkInitStruct, FLASH_LATENCY_2) != HAL_OK)
  83              		.loc 1 145 0
  84 0046 2946     		mov	r1, r5
ARM GAS  C:\Users\Thee\AppData\Local\Temp\ccjySbJi.s 			page 5


  85 0048 01A8     		add	r0, sp, #4
  86 004a FFF7FEFF 		bl	HAL_RCC_ClockConfig
  87              	.LVL1:
 146:Src/main.c    ****     {
 147:Src/main.c    ****         Error_Handler();
 148:Src/main.c    ****     }
 149:Src/main.c    **** }
  88              		.loc 1 149 0
  89 004e 11B0     		add	sp, sp, #68
  90              	.LCFI2:
  91              		.cfi_def_cfa_offset 12
  92              		@ sp needed
  93 0050 30BD     		pop	{r4, r5, pc}
  94              		.cfi_endproc
  95              	.LFE69:
  97              		.section	.text.main,"ax",%progbits
  98              		.align	1
  99              		.global	main
 100              		.syntax unified
 101              		.thumb
 102              		.thumb_func
 103              		.fpu softvfp
 105              	main:
 106              	.LFB68:
  68:Src/main.c    ****     /* USER CODE BEGIN 1 */
 107              		.loc 1 68 0
 108              		.cfi_startproc
 109              		@ args = 0, pretend = 0, frame = 0
 110              		@ frame_needed = 0, uses_anonymous_args = 0
 111 0000 08B5     		push	{r3, lr}
 112              	.LCFI3:
 113              		.cfi_def_cfa_offset 8
 114              		.cfi_offset 3, -8
 115              		.cfi_offset 14, -4
  76:Src/main.c    **** 
 116              		.loc 1 76 0
 117 0002 FFF7FEFF 		bl	HAL_Init
 118              	.LVL2:
  83:Src/main.c    **** 
 119              		.loc 1 83 0
 120 0006 FFF7FEFF 		bl	SystemClock_Config
 121              	.LVL3:
  90:Src/main.c    ****     MX_DMA_Init();
 122              		.loc 1 90 0
 123 000a FFF7FEFF 		bl	MX_GPIO_Init
 124              	.LVL4:
  91:Src/main.c    ****     MX_USART1_UART_Init();
 125              		.loc 1 91 0
 126 000e FFF7FEFF 		bl	MX_DMA_Init
 127              	.LVL5:
  92:Src/main.c    ****     /* USER CODE BEGIN 2 */
 128              		.loc 1 92 0
 129 0012 FFF7FEFF 		bl	MX_USART1_UART_Init
 130              	.LVL6:
  94:Src/main.c    ****     for (i = 0; i < 100; i++)
 131              		.loc 1 94 0
 132 0016 0C48     		ldr	r0, .L8
ARM GAS  C:\Users\Thee\AppData\Local\Temp\ccjySbJi.s 			page 6


 133 0018 FFF7FEFF 		bl	puts
 134              	.LVL7:
  95:Src/main.c    ****     {
 135              		.loc 1 95 0
 136 001c 0023     		movs	r3, #0
 137 001e 03E0     		b	.L4
 138              	.LVL8:
 139              	.L5:
  97:Src/main.c    ****     }
 140              		.loc 1 97 0 discriminator 3
 141 0020 0A4A     		ldr	r2, .L8+4
 142 0022 4121     		movs	r1, #65
 143 0024 D154     		strb	r1, [r2, r3]
  95:Src/main.c    ****     {
 144              		.loc 1 95 0 discriminator 3
 145 0026 0133     		adds	r3, r3, #1
 146              	.LVL9:
 147              	.L4:
  95:Src/main.c    ****     {
 148              		.loc 1 95 0 is_stmt 0 discriminator 1
 149 0028 632B     		cmp	r3, #99
 150 002a F9DD     		ble	.L5
 100:Src/main.c    ****     /* USER CODE END 2 */
 151              		.loc 1 100 0 is_stmt 1
 152 002c 6422     		movs	r2, #100
 153 002e 0749     		ldr	r1, .L8+4
 154 0030 0748     		ldr	r0, .L8+8
 155 0032 FFF7FEFF 		bl	HAL_UART_Transmit_DMA
 156              	.LVL10:
 157              	.L6:
 107:Src/main.c    ****         HAL_GPIO_TogglePin(LED1_GPIO_Port, LED1_Pin);
 158              		.loc 1 107 0 discriminator 1
 159 0036 C820     		movs	r0, #200
 160 0038 FFF7FEFF 		bl	HAL_Delay
 161              	.LVL11:
 108:Src/main.c    ****         /* USER CODE END WHILE */
 162              		.loc 1 108 0 discriminator 1
 163 003c 0421     		movs	r1, #4
 164 003e 0548     		ldr	r0, .L8+12
 165 0040 FFF7FEFF 		bl	HAL_GPIO_TogglePin
 166              	.LVL12:
 167 0044 F7E7     		b	.L6
 168              	.L9:
 169 0046 00BF     		.align	2
 170              	.L8:
 171 0048 00000000 		.word	.LC0
 172 004c 00000000 		.word	SendBuff
 173 0050 00000000 		.word	huart1
 174 0054 00100140 		.word	1073811456
 175              		.cfi_endproc
 176              	.LFE68:
 178              		.section	.text.Error_Handler,"ax",%progbits
 179              		.align	1
 180              		.global	Error_Handler
 181              		.syntax unified
 182              		.thumb
 183              		.thumb_func
ARM GAS  C:\Users\Thee\AppData\Local\Temp\ccjySbJi.s 			page 7


 184              		.fpu softvfp
 186              	Error_Handler:
 187              	.LFB70:
 150:Src/main.c    **** 
 151:Src/main.c    **** /* USER CODE BEGIN 4 */
 152:Src/main.c    **** 
 153:Src/main.c    **** /* USER CODE END 4 */
 154:Src/main.c    **** 
 155:Src/main.c    **** /**
 156:Src/main.c    ****   * @brief  This function is executed in case of error occurrence.
 157:Src/main.c    ****   * @retval None
 158:Src/main.c    ****   */
 159:Src/main.c    **** void Error_Handler(void)
 160:Src/main.c    **** {
 188              		.loc 1 160 0
 189              		.cfi_startproc
 190              		@ args = 0, pretend = 0, frame = 0
 191              		@ frame_needed = 0, uses_anonymous_args = 0
 192              		@ link register save eliminated.
 161:Src/main.c    ****     /* USER CODE BEGIN Error_Handler_Debug */
 162:Src/main.c    ****     /* User can add his own implementation to report the HAL error return state */
 163:Src/main.c    **** 
 164:Src/main.c    ****     /* USER CODE END Error_Handler_Debug */
 165:Src/main.c    **** }
 193              		.loc 1 165 0
 194 0000 7047     		bx	lr
 195              		.cfi_endproc
 196              	.LFE70:
 198              		.comm	SendBuff,100,4
 199              		.section	.rodata.main.str1.4,"aMS",%progbits,1
 200              		.align	2
 201              	.LC0:
 202 0000 0D0A2055 		.ascii	"\015\012 USART1 DMA TX Test \015\000"
 202      53415254 
 202      3120444D 
 202      41205458 
 202      20546573 
 203              		.text
 204              	.Letext0:
 205              		.file 2 "d:\\gcc-arm-none-eabi-8-2018-q4-major-win32\\arm-none-eabi\\include\\machine\\_default_ty
 206              		.file 3 "d:\\gcc-arm-none-eabi-8-2018-q4-major-win32\\arm-none-eabi\\include\\sys\\_stdint.h"
 207              		.file 4 "C:/Users/Thee/STM32Cube/Repository/STM32Cube_FW_F1_V1.8.0/Drivers/CMSIS/Include/core_cm3.
 208              		.file 5 "Drivers/CMSIS/Device/ST/STM32F1xx/Include/system_stm32f1xx.h"
 209              		.file 6 "Drivers/CMSIS/Device/ST/STM32F1xx/Include/stm32f103xe.h"
 210              		.file 7 "Drivers/STM32F1xx_HAL_Driver/Inc/stm32f1xx_hal_def.h"
 211              		.file 8 "Drivers/STM32F1xx_HAL_Driver/Inc/stm32f1xx_hal_rcc.h"
 212              		.file 9 "Drivers/STM32F1xx_HAL_Driver/Inc/stm32f1xx_hal_rcc_ex.h"
 213              		.file 10 "Drivers/STM32F1xx_HAL_Driver/Inc/stm32f1xx_hal_dma.h"
 214              		.file 11 "Drivers/STM32F1xx_HAL_Driver/Inc/stm32f1xx_hal_uart.h"
 215              		.file 12 "Drivers/STM32F1xx_HAL_Driver/Inc/stm32f1xx_hal.h"
 216              		.file 13 "Inc/usart.h"
 217              		.file 14 "d:\\gcc-arm-none-eabi-8-2018-q4-major-win32\\arm-none-eabi\\include\\sys\\lock.h"
 218              		.file 15 "d:\\gcc-arm-none-eabi-8-2018-q4-major-win32\\arm-none-eabi\\include\\sys\\_types.h"
 219              		.file 16 "d:\\gcc-arm-none-eabi-8-2018-q4-major-win32\\lib\\gcc\\arm-none-eabi\\7.3.1\\include\\st
 220              		.file 17 "d:\\gcc-arm-none-eabi-8-2018-q4-major-win32\\arm-none-eabi\\include\\sys\\reent.h"
 221              		.file 18 "Inc/gpio.h"
 222              		.file 19 "Inc/dma.h"
ARM GAS  C:\Users\Thee\AppData\Local\Temp\ccjySbJi.s 			page 8


 223              		.file 20 "Drivers/STM32F1xx_HAL_Driver/Inc/stm32f1xx_hal_gpio.h"
 224              		.file 21 "<built-in>"
ARM GAS  C:\Users\Thee\AppData\Local\Temp\ccjySbJi.s 			page 9


DEFINED SYMBOLS
                            *ABS*:00000000 main.c
C:\Users\Thee\AppData\Local\Temp\ccjySbJi.s:16     .text.SystemClock_Config:00000000 $t
C:\Users\Thee\AppData\Local\Temp\ccjySbJi.s:23     .text.SystemClock_Config:00000000 SystemClock_Config
C:\Users\Thee\AppData\Local\Temp\ccjySbJi.s:98     .text.main:00000000 $t
C:\Users\Thee\AppData\Local\Temp\ccjySbJi.s:105    .text.main:00000000 main
C:\Users\Thee\AppData\Local\Temp\ccjySbJi.s:171    .text.main:00000048 $d
                            *COM*:00000064 SendBuff
C:\Users\Thee\AppData\Local\Temp\ccjySbJi.s:179    .text.Error_Handler:00000000 $t
C:\Users\Thee\AppData\Local\Temp\ccjySbJi.s:186    .text.Error_Handler:00000000 Error_Handler
C:\Users\Thee\AppData\Local\Temp\ccjySbJi.s:200    .rodata.main.str1.4:00000000 $d

UNDEFINED SYMBOLS
HAL_RCC_OscConfig
HAL_RCC_ClockConfig
HAL_Init
MX_GPIO_Init
MX_DMA_Init
MX_USART1_UART_Init
puts
HAL_UART_Transmit_DMA
HAL_Delay
HAL_GPIO_TogglePin
huart1
